#
# There is insufficient memory for the Java Runtime Environment to continue.
# Native memory allocation (mmap) failed to map 132120576 bytes for Failed to commit area from 0x0000000082a00000 to 0x000000008a800000 of length 132120576.
# Possible reasons:
#   The system is out of physical RAM or swap space
#   The process is running with CompressedOops enabled, and the Java Heap may be blocking the growth of the native heap
# Possible solutions:
#   Reduce memory load on the system
#   Increase physical memory or swap space
#   Check if swap backing store is full
#   Decrease Java heap size (-Xmx/-Xms)
#   Decrease number of Java threads
#   Decrease Java thread stack sizes (-Xss)
#   Set larger code cache with -XX:ReservedCodeCacheSize=
# This output file may be truncated or incomplete.
#
#  Out of Memory Error (./src/hotspot/os/windows/os_windows.cpp:3624), pid=15572, tid=17500
#
# JRE version:  (11.0.14.1+1) (build )
# Java VM: OpenJDK 64-Bit Server VM (11.0.14.1+1-b1751.46, mixed mode, sharing, tiered, compressed oops, g1 gc, windows-amd64)
# No core dump will be written. Minidumps are not enabled by default on client versions of Windows
#

---------------  S U M M A R Y ------------

Command Line: git4idea.http.GitAskPassApp Username for 'https://github.com': 

Host: Intel(R) Core(TM) i5-10210U CPU @ 1.60GHz, 8 cores, 7G,  Windows 11 , 64 bit Build 22621 (10.0.22621.755)
Time: Wed Dec 14 19:59:33 2022 RTZ 2 (зима) elapsed time: 0.009456 seconds (0d 0h 0m 0s)

---------------  T H R E A D  ---------------

Current thread (0x000002659024d000):  JavaThread "Unknown thread" [_thread_in_vm, id=17500, stack(0x00000076ae700000,0x00000076ae800000)]

Stack: [0x00000076ae700000,0x00000076ae800000]
Native frames: (J=compiled Java code, j=interpreted, Vv=VM code, C=native code)
V  [jvm.dll+0x61601a]
V  [jvm.dll+0x79c3b0]
V  [jvm.dll+0x79d9cd]
V  [jvm.dll+0x79e0a3]
V  [jvm.dll+0x24ca38]
V  [jvm.dll+0x613074]
V  [jvm.dll+0x607d75]
V  [jvm.dll+0x30b05b]
V  [jvm.dll+0x30afca]
V  [jvm.dll+0x30aea2]
V  [jvm.dll+0x30fde6]
V  [jvm.dll+0x35b473]
V  [jvm.dll+0x35bb76]
V  [jvm.dll+0x35b573]
V  [jvm.dll+0x2e57b8]
V  [jvm.dll+0x2e6967]
V  [jvm.dll+0x779377]
V  [jvm.dll+0x77ab6c]
V  [jvm.dll+0x368a19]
V  [jvm.dll+0x75ce8e]
V  [jvm.dll+0x3d6aa3]
V  [jvm.dll+0x3d8ff1]
C  [jli.dll+0x536b]
C  [ucrtbase.dll+0x29363]
C  [KERNEL32.DLL+0x1244d]
C  [ntdll.dll+0x5dfb8]


---------------  P R O C E S S  ---------------

Threads class SMR info:
_java_thread_list=0x000002658e097bc0, length=0, elements={
}

Java Threads: ( => current thread )

Other Threads:
  0x0000026590264800 GCTaskThread "GC Thread#0" [stack: 0x00000076ae800000,0x00000076ae900000] [id=24792]
  0x0000026590297000 ConcurrentGCThread "G1 Main Marker" [stack: 0x00000076ae900000,0x00000076aea00000] [id=14684]
  0x000002659029a000 ConcurrentGCThread "G1 Conc#0" [stack: 0x00000076aea00000,0x00000076aeb00000] [id=22704]

[error occurred during error reporting (printing all threads), id 0xc0000005, EXCEPTION_ACCESS_VIOLATION (0xc0000005) at pc=0x00007ffdd65d5f37]

VM state:not at safepoint (not fully initialized)

VM Mutex/Monitor currently owned by a thread:  ([mutex/lock_event])
[0x0000026590249ea0] Heap_lock - owner thread: 0x000002659024d000

Heap address: 0x0000000082a00000, size: 2006 MB, Compressed Oops mode: Non-zero based: 0x0000000082a00000
Narrow klass base: 0x0000000000000000, Narrow klass shift: 0

GC Heap History (0 events):
No events

Deoptimization events (0 events):
No events

Classes redefined (0 events):
No events

Internal exceptions (0 events):
No events

Events (1 events):
Event: 0.007 Loaded shared library C:\Program Files\JetBrains\IntelliJ IDEA Community Edition 2021.3.1\jbr\bin\zip.dll


Dynamic libraries:
0x00007ff61adc0000 - 0x00007ff61adca000 	C:\Program Files\JetBrains\IntelliJ IDEA Community Edition 2021.3.1\jbr\bin\java.exe
0x00007ffea06f0000 - 0x00007ffea0904000 	C:\WINDOWS\SYSTEM32\ntdll.dll
0x00007ffe9f500000 - 0x00007ffe9f5c2000 	C:\WINDOWS\System32\KERNEL32.DLL
0x00007ffe9db20000 - 0x00007ffe9debd000 	C:\WINDOWS\System32\KERNELBASE.dll
0x00007ffe9df80000 - 0x00007ffe9e091000 	C:\WINDOWS\System32\ucrtbase.dll
0x00007ffe6c540000 - 0x00007ffe6c556000 	C:\Program Files\JetBrains\IntelliJ IDEA Community Edition 2021.3.1\jbr\bin\VCRUNTIME140.dll
0x00007ffe6c570000 - 0x00007ffe6c589000 	C:\Program Files\JetBrains\IntelliJ IDEA Community Edition 2021.3.1\jbr\bin\jli.dll
0x00007ffe9f170000 - 0x00007ffe9f31a000 	C:\WINDOWS\System32\USER32.dll
0x00007ffe9e0a0000 - 0x00007ffe9e0c6000 	C:\WINDOWS\System32\win32u.dll
0x00007ffe81ae0000 - 0x00007ffe81d6e000 	C:\WINDOWS\WinSxS\amd64_microsoft.windows.common-controls_6595b64144ccf1df_6.0.22621.608_none_a9444ca7c10bb01d\COMCTL32.dll
0x00007ffe9f820000 - 0x00007ffe9f849000 	C:\WINDOWS\System32\GDI32.dll
0x00007ffe9e4f0000 - 0x00007ffe9e597000 	C:\WINDOWS\System32\msvcrt.dll
0x00007ffe9e260000 - 0x00007ffe9e372000 	C:\WINDOWS\System32\gdi32full.dll
0x00007ffe9e150000 - 0x00007ffe9e1ea000 	C:\WINDOWS\System32\msvcp_win.dll
0x00007ffe9f3b0000 - 0x00007ffe9f3e2000 	C:\WINDOWS\System32\IMM32.DLL
0x00007ffe5be00000 - 0x00007ffe5beaa000 	C:\Program Files\JetBrains\IntelliJ IDEA Community Edition 2021.3.1\jbr\bin\msvcp140.dll
0x00007ffdd62e0000 - 0x00007ffdd6e5a000 	C:\Program Files\JetBrains\IntelliJ IDEA Community Edition 2021.3.1\jbr\bin\server\jvm.dll
0x00007ffea0600000 - 0x00007ffea06ae000 	C:\WINDOWS\System32\ADVAPI32.dll
0x00007ffe9f6f0000 - 0x00007ffe9f794000 	C:\WINDOWS\System32\sechost.dll
0x00007ffe9e600000 - 0x00007ffe9e715000 	C:\WINDOWS\System32\RPCRT4.dll
0x00007ffe9f320000 - 0x00007ffe9f328000 	C:\WINDOWS\System32\PSAPI.DLL
0x00007ffe96b10000 - 0x00007ffe96b44000 	C:\WINDOWS\SYSTEM32\WINMM.dll
0x00007ffe95cf0000 - 0x00007ffe95cfa000 	C:\WINDOWS\SYSTEM32\VERSION.dll
0x00007ffe7e740000 - 0x00007ffe7e749000 	C:\WINDOWS\SYSTEM32\WSOCK32.dll
0x00007ffe9f7a0000 - 0x00007ffe9f811000 	C:\WINDOWS\System32\WS2_32.dll
0x00007ffe9cc80000 - 0x00007ffe9cc98000 	C:\WINDOWS\SYSTEM32\kernel.appcore.dll
0x00007ffe99db0000 - 0x00007ffe99dc1000 	C:\Program Files\JetBrains\IntelliJ IDEA Community Edition 2021.3.1\jbr\bin\verify.dll
0x00007ffe9b1f0000 - 0x00007ffe9b41e000 	C:\WINDOWS\SYSTEM32\DBGHELP.DLL
0x00007ffea0270000 - 0x00007ffea05fa000 	C:\WINDOWS\System32\combase.dll
0x00007ffe9f870000 - 0x00007ffe9f947000 	C:\WINDOWS\System32\OLEAUT32.dll
0x00007ffe858f0000 - 0x00007ffe85922000 	C:\WINDOWS\SYSTEM32\dbgcore.DLL
0x00007ffe9e0d0000 - 0x00007ffe9e14b000 	C:\WINDOWS\System32\bcryptPrimitives.dll
0x00007ffe8c7b0000 - 0x00007ffe8c7d9000 	C:\Program Files\JetBrains\IntelliJ IDEA Community Edition 2021.3.1\jbr\bin\java.dll
0x00007ffe99d50000 - 0x00007ffe99d5b000 	C:\Program Files\JetBrains\IntelliJ IDEA Community Edition 2021.3.1\jbr\bin\jimage.dll
0x00007ffe8c790000 - 0x00007ffe8c7a9000 	C:\Program Files\JetBrains\IntelliJ IDEA Community Edition 2021.3.1\jbr\bin\zip.dll

dbghelp: loaded successfully - version: 4.0.5 - missing functions: none
symbol engine: initialized successfully - sym options: 0x614 - pdb path: .;C:\Program Files\JetBrains\IntelliJ IDEA Community Edition 2021.3.1\jbr\bin;C:\WINDOWS\SYSTEM32;C:\WINDOWS\WinSxS\amd64_microsoft.windows.common-controls_6595b64144ccf1df_6.0.22621.608_none_a9444ca7c10bb01d;C:\Program Files\JetBrains\IntelliJ IDEA Community Edition 2021.3.1\jbr\bin\server

VM Arguments:
java_command: git4idea.http.GitAskPassApp Username for 'https://github.com': 
java_class_path (initial): C:/Program Files/JetBrains/IntelliJ IDEA Community Edition 2021.3.1/plugins/git4idea/lib/git4idea-rt.jar;C:/Program Files/JetBrains/IntelliJ IDEA Community Edition 2021.3.1/lib/3rd-party.jar;C:/Program Files/JetBrains/IntelliJ IDEA Community Edition 2021.3.1/lib/3rd-party-rt.jar
Launcher Type: SUN_STANDARD

[Global flags]
     intx CICompilerCount                          = 4                                         {product} {ergonomic}
     uint ConcGCThreads                            = 2                                         {product} {ergonomic}
     uint G1ConcRefinementThreads                  = 8                                         {product} {ergonomic}
   size_t G1HeapRegionSize                         = 1048576                                   {product} {ergonomic}
    uintx GCDrainStackTargetSize                   = 64                                        {product} {ergonomic}
   size_t InitialHeapSize                          = 132120576                                 {product} {ergonomic}
   size_t MarkStackSize                            = 4194304                                   {product} {ergonomic}
   size_t MaxHeapSize                              = 2103443456                                {product} {ergonomic}
   size_t MinHeapDeltaBytes                        = 1048576                                   {product} {ergonomic}
    uintx NonNMethodCodeHeapSize                   = 5836300                                {pd product} {ergonomic}
    uintx NonProfiledCodeHeapSize                  = 122910970                              {pd product} {ergonomic}
    uintx ProfiledCodeHeapSize                     = 122910970                              {pd product} {ergonomic}
    uintx ReservedCodeCacheSize                    = 251658240                              {pd product} {ergonomic}
     bool SegmentedCodeCache                       = true                                      {product} {ergonomic}
     bool UseCompressedClassPointers               = true                                 {lp64_product} {ergonomic}
     bool UseCompressedOops                        = true                                 {lp64_product} {ergonomic}
     bool UseG1GC                                  = true                                      {product} {ergonomic}
     bool UseLargePagesIndividualAllocation        = false                                  {pd product} {ergonomic}

Logging:
Log output configuration:
 #0: stdout all=warning uptime,level,tags
 #1: stderr all=off uptime,level,tags

Environment Variables:
PATH=C:/Program Files/Git/mingw64/libexec/git-core;C:/Program Files/Git/mingw64/libexec/git-core;C:\Program Files\Git\mingw64\bin;C:\Program Files\Git\usr\bin;C:\Users\bakum\bin;C:\Program Files\Common Files\Oracle\Java\javapath;C:\Program Files (x86)\Common Files\Oracle\Java\javapath;C:\Windows\system32;C:\Windows;C:\Windows\System32\Wbem;C:\Windows\System32\WindowsPowerShell\v1.0\;C:\Windows\System32\OpenSSH\;C:\Program Files (x86)\NVIDIA Corporation\PhysX\Common;C:\Program Files\NVIDIA Corporation\NVIDIA NvDLISR;C:\Program Files\nodejs\;C:\WINDOWS\system32;C:\WINDOWS;C:\WINDOWS\System32\Wbem;C:\WINDOWS\System32\WindowsPowerShell\v1.0\;C:\WINDOWS\System32\OpenSSH\;C:\Program Files\SafeNet\Authentication\SAC\x64;C:\Program Files\SafeNet\Authentication\SAC\x32;C:\Program Files\Git\cmd;C:\Program Files\WireGuard\;C:\Users\bakum\AppData\Local\Microsoft\WindowsApps;C:\Users\bakum\AppData\Local\GitHubDesktop\bin
USERNAME=bakum
DISPLAY=:0.0
LC_ALL=en_US.UTF-8
OS=Windows_NT
PROCESSOR_IDENTIFIER=Intel64 Family 6 Model 142 Stepping 12, GenuineIntel



---------------  S Y S T E M  ---------------

OS: Windows 11 , 64 bit Build 22621 (10.0.22621.755)
OS uptime: 4 days 8:29 hours

CPU:total 8 (initial active 8) (4 cores per cpu, 2 threads per core) family 6 model 142 stepping 12 microcode 0xde, cmov, cx8, fxsr, mmx, sse, sse2, sse3, ssse3, sse4.1, sse4.2, popcnt, avx, avx2, aes, clmul, erms, 3dnowpref, lzcnt, ht, tsc, tscinvbit, bmi1, bmi2, adx, fma

Memory: 4k page, system-wide physical 8020M (349M free)
TotalPageFile size 32596M (AvailPageFile size 128M)
current process WorkingSet (physical memory assigned to process): 10M, peak: 10M
current process commit charge ("private bytes"): 60M, peak: 186M

vm_info: OpenJDK 64-Bit Server VM (11.0.14.1+1-b1751.46) for windows-amd64 JRE (11.0.14.1+1-b1751.46), built on Feb 21 2022 15:19:20 by "" with MS VC++ 14.0 (VS2015)

END.
